2017-11-17 09:58:57.273 [main] DEBUG com.choice.eagle.cache.RedisCache - MybatisRedisCache:id=com.choice.eagle.dao.CuisineDao
2017-11-17 09:58:57.348 [main] DEBUG com.choice.eagle.cache.RedisCache - MybatisRedisCache:id=com.choice.eagle.dao.MenuDao
2017-11-17 09:58:57.378 [main] DEBUG com.choice.eagle.cache.RedisCache - MybatisRedisCache:id=com.choice.eagle.dao.OrderDao
2017-11-17 09:58:57.405 [main] DEBUG com.choice.eagle.cache.RedisCache - MybatisRedisCache:id=com.choice.eagle.dao.RorderDao
2017-11-17 09:58:57.424 [main] DEBUG com.choice.eagle.cache.RedisCache - MybatisRedisCache:id=com.choice.eagle.dao.TableDao
2017-11-17 09:59:43.282 [main] DEBUG com.choice.eagle.cache.RedisCache - MybatisRedisCache:id=com.choice.eagle.dao.CuisineDao
2017-11-17 09:59:43.334 [main] DEBUG com.choice.eagle.cache.RedisCache - MybatisRedisCache:id=com.choice.eagle.dao.MenuDao
2017-11-17 09:59:43.352 [main] DEBUG com.choice.eagle.cache.RedisCache - MybatisRedisCache:id=com.choice.eagle.dao.OrderDao
2017-11-17 09:59:43.363 [main] DEBUG com.choice.eagle.cache.RedisCache - MybatisRedisCache:id=com.choice.eagle.dao.RorderDao
2017-11-17 09:59:43.390 [main] DEBUG com.choice.eagle.cache.RedisCache - MybatisRedisCache:id=com.choice.eagle.dao.TableDao
2017-11-17 10:06:11.456 [main] DEBUG com.choice.eagle.cache.RedisCache - MybatisRedisCache:id=com.choice.eagle.dao.CuisineDao
2017-11-17 10:06:11.509 [main] DEBUG com.choice.eagle.cache.RedisCache - MybatisRedisCache:id=com.choice.eagle.dao.MenuDao
2017-11-17 10:06:11.530 [main] DEBUG com.choice.eagle.cache.RedisCache - MybatisRedisCache:id=com.choice.eagle.dao.OrderDao
2017-11-17 10:06:11.542 [main] DEBUG com.choice.eagle.cache.RedisCache - MybatisRedisCache:id=com.choice.eagle.dao.RorderDao
2017-11-17 10:06:11.565 [main] DEBUG com.choice.eagle.cache.RedisCache - MybatisRedisCache:id=com.choice.eagle.dao.TableDao
2017-11-17 10:09:48.354 [main] DEBUG com.choice.eagle.cache.RedisCache - MybatisRedisCache:id=com.choice.eagle.dao.CuisineDao
2017-11-17 10:09:48.409 [main] DEBUG com.choice.eagle.cache.RedisCache - MybatisRedisCache:id=com.choice.eagle.dao.MenuDao
2017-11-17 10:09:48.429 [main] DEBUG com.choice.eagle.cache.RedisCache - MybatisRedisCache:id=com.choice.eagle.dao.OrderDao
2017-11-17 10:09:48.440 [main] DEBUG com.choice.eagle.cache.RedisCache - MybatisRedisCache:id=com.choice.eagle.dao.RorderDao
2017-11-17 10:09:48.465 [main] DEBUG com.choice.eagle.cache.RedisCache - MybatisRedisCache:id=com.choice.eagle.dao.TableDao
2017-11-17 10:14:18.102 [main] DEBUG com.choice.eagle.cache.RedisCache - MybatisRedisCache:id=com.choice.eagle.dao.CuisineDao
2017-11-17 10:14:18.156 [main] DEBUG com.choice.eagle.cache.RedisCache - MybatisRedisCache:id=com.choice.eagle.dao.MenuDao
2017-11-17 10:14:18.177 [main] DEBUG com.choice.eagle.cache.RedisCache - MybatisRedisCache:id=com.choice.eagle.dao.OrderDao
2017-11-17 10:14:18.188 [main] DEBUG com.choice.eagle.cache.RedisCache - MybatisRedisCache:id=com.choice.eagle.dao.RorderDao
2017-11-17 10:14:18.211 [main] DEBUG com.choice.eagle.cache.RedisCache - MybatisRedisCache:id=com.choice.eagle.dao.TableDao
2017-11-17 10:14:18.463 [main] DEBUG com.choice.eagle.dao.OrderDao - Cache Hit Ratio [com.choice.eagle.dao.OrderDao]: 0.0
2017-11-17 10:14:18.969 [main] DEBUG com.choice.eagle.dao.OrderDao.selectByRequire - ==>  Preparing: select * from sys_order WHERE 1=1 
2017-11-17 10:14:19.007 [main] DEBUG com.choice.eagle.dao.OrderDao.selectByRequire - ==> Parameters: 
2017-11-17 10:14:19.028 [main] DEBUG com.choice.eagle.dao.OrderDao.selectByRequire - <==      Total: 3
2017-11-17 10:20:18.409 [main] DEBUG com.choice.eagle.cache.RedisCache - MybatisRedisCache:id=com.choice.eagle.dao.CuisineDao
2017-11-17 10:20:18.459 [main] DEBUG com.choice.eagle.cache.RedisCache - MybatisRedisCache:id=com.choice.eagle.dao.MenuDao
2017-11-17 10:20:18.488 [main] DEBUG com.choice.eagle.cache.RedisCache - MybatisRedisCache:id=com.choice.eagle.dao.OrderDao
2017-11-17 10:20:18.498 [main] DEBUG com.choice.eagle.cache.RedisCache - MybatisRedisCache:id=com.choice.eagle.dao.RorderDao
2017-11-17 10:20:18.551 [main] DEBUG com.choice.eagle.cache.RedisCache - MybatisRedisCache:id=com.choice.eagle.dao.TableDao
2017-11-17 10:20:18.786 [main] DEBUG com.choice.eagle.dao.OrderDao - Cache Hit Ratio [com.choice.eagle.dao.OrderDao]: 0.0
2017-11-17 10:20:19.070 [main] DEBUG com.choice.eagle.dao.OrderDao.selectByRequire - ==>  Preparing: select * from sys_order WHERE 1=1 
2017-11-17 10:20:19.103 [main] DEBUG com.choice.eagle.dao.OrderDao.selectByRequire - ==> Parameters: 
2017-11-17 10:20:19.121 [main] DEBUG com.choice.eagle.dao.OrderDao.selectByRequire - <==      Total: 3
2017-11-17 10:20:51.964 [main] DEBUG com.choice.eagle.cache.RedisCache - MybatisRedisCache:id=com.choice.eagle.dao.CuisineDao
2017-11-17 10:20:52.016 [main] DEBUG com.choice.eagle.cache.RedisCache - MybatisRedisCache:id=com.choice.eagle.dao.MenuDao
2017-11-17 10:20:52.035 [main] DEBUG com.choice.eagle.cache.RedisCache - MybatisRedisCache:id=com.choice.eagle.dao.OrderDao
2017-11-17 10:20:52.048 [main] DEBUG com.choice.eagle.cache.RedisCache - MybatisRedisCache:id=com.choice.eagle.dao.RorderDao
2017-11-17 10:20:52.074 [main] DEBUG com.choice.eagle.cache.RedisCache - MybatisRedisCache:id=com.choice.eagle.dao.TableDao
2017-11-17 10:20:52.328 [main] DEBUG com.choice.eagle.dao.OrderDao - Cache Hit Ratio [com.choice.eagle.dao.OrderDao]: 0.0
2017-11-17 10:20:52.624 [main] DEBUG com.choice.eagle.dao.OrderDao.selectByRequire - ==>  Preparing: select * from sys_order WHERE 1=1 
2017-11-17 10:20:52.657 [main] DEBUG com.choice.eagle.dao.OrderDao.selectByRequire - ==> Parameters: 
2017-11-17 10:20:52.678 [main] DEBUG com.choice.eagle.dao.OrderDao.selectByRequire - <==      Total: 3
2017-11-17 11:02:35.513 [main] DEBUG com.choice.eagle.dao.OrderDao.selectByRequire - ==>  Preparing: select * from sys_order WHERE 1=1 
2017-11-17 11:02:35.556 [main] DEBUG com.choice.eagle.dao.OrderDao.selectByRequire - ==> Parameters: 
2017-11-17 11:02:35.571 [main] DEBUG com.choice.eagle.dao.OrderDao.selectByRequire - <==      Total: 3
2017-11-17 13:15:45.216 [main] DEBUG com.choice.eagle.dao.OrderDao.selectByRequire - ==>  Preparing: select * from sys_order WHERE 1=1 limit (pageNo-1)*5,5 
2017-11-17 13:15:45.245 [main] DEBUG com.choice.eagle.dao.OrderDao.selectByRequire - ==> Parameters: 
2017-11-17 13:17:54.097 [main] DEBUG com.choice.eagle.dao.OrderDao.selectByRequire - ==>  Preparing: select * from sys_order WHERE 1=1 limit (pageNo-1)*5,5 
2017-11-17 13:17:54.138 [main] DEBUG com.choice.eagle.dao.OrderDao.selectByRequire - ==> Parameters: 
2017-11-17 13:21:04.110 [main] DEBUG com.choice.eagle.dao.OrderDao.selectByRequire - ==>  Preparing: select * from sys_order WHERE 1=1 limit (?-1)*5,5 
2017-11-17 13:21:04.152 [main] DEBUG com.choice.eagle.dao.OrderDao.selectByRequire - ==> Parameters: 1(Integer)
2017-11-17 13:23:32.523 [main] DEBUG com.choice.eagle.dao.OrderDao.selectByRequire - ==>  Preparing: select * from sys_order WHERE 1=1 limit (1-1)*5,5 
2017-11-17 13:23:32.553 [main] DEBUG com.choice.eagle.dao.OrderDao.selectByRequire - ==> Parameters: 
2017-11-17 13:27:26.984 [main] DEBUG com.choice.eagle.dao.OrderDao.selectByRequire - ==>  Preparing: select * from sys_order WHERE 1=1 limit ?,5 
2017-11-17 13:27:27.023 [main] DEBUG com.choice.eagle.dao.OrderDao.selectByRequire - ==> Parameters: 0(Integer)
2017-11-17 13:27:27.043 [main] DEBUG com.choice.eagle.dao.OrderDao.selectByRequire - <==      Total: 3
2017-11-17 13:40:24.730 [main] DEBUG com.choice.eagle.dao.OrderDao.selectByRequire - ==>  Preparing: select * from sys_order WHERE 1=1 limit ?,5 
2017-11-17 13:40:24.775 [main] DEBUG com.choice.eagle.dao.OrderDao.selectByRequire - ==> Parameters: 0(Integer)
2017-11-17 13:40:24.800 [main] DEBUG com.choice.eagle.dao.OrderDao.selectByRequire - <==      Total: 3
2017-11-17 13:40:25.019 [main] DEBUG com.choice.eagle.service.TestRedis - TestRedis类 testRedis方法
